{"G:\\main\\fruits\\front-end\\components\\BaseInput.vue": {"path":"G:\\main\\fruits\\front-end\\components\\BaseInput.vue","all":false,"statementMap":{"0":{"start":{"line":1,"column":0},"end":{"line":1,"column":24}},"1":{"start":{"line":2,"column":0},"end":{"line":2,"column":60}},"2":{"start":{"line":3,"column":0},"end":{"line":3,"column":24}},"3":{"start":{"line":4,"column":0},"end":{"line":4,"column":18}},"4":{"start":{"line":5,"column":0},"end":{"line":5,"column":21}},"5":{"start":{"line":6,"column":0},"end":{"line":6,"column":22}},"6":{"start":{"line":7,"column":0},"end":{"line":7,"column":1}},"7":{"start":{"line":8,"column":0},"end":{"line":8,"column":0}},"8":{"start":{"line":9,"column":0},"end":{"line":9,"column":34}},"9":{"start":{"line":10,"column":0},"end":{"line":10,"column":26}},"10":{"start":{"line":11,"column":0},"end":{"line":11,"column":47}},"11":{"start":{"line":12,"column":0},"end":{"line":12,"column":4}},"12":{"start":{"line":13,"column":0},"end":{"line":13,"column":0}},"13":{"start":{"line":14,"column":0},"end":{"line":14,"column":61}},"14":{"start":{"line":15,"column":0},"end":{"line":15,"column":9}},"15":{"start":{"line":16,"column":0},"end":{"line":16,"column":10}},"16":{"start":{"line":17,"column":0},"end":{"line":17,"column":9}},"17":{"start":{"line":18,"column":0},"end":{"line":18,"column":50}},"18":{"start":{"line":19,"column":0},"end":{"line":19,"column":63}},"19":{"start":{"line":20,"column":0},"end":{"line":20,"column":114}},"20":{"start":{"line":21,"column":0},"end":{"line":21,"column":34}},"21":{"start":{"line":22,"column":0},"end":{"line":22,"column":16}},"22":{"start":{"line":23,"column":0},"end":{"line":23,"column":10}},"23":{"start":{"line":24,"column":0},"end":{"line":24,"column":11}}},"s":{"0":1,"1":1,"2":1,"3":1,"4":1,"5":1,"6":1,"7":1,"8":1,"9":1,"10":1,"11":1,"12":1,"13":1,"14":1,"15":1,"16":1,"17":1,"18":1,"19":1,"20":1,"21":1,"22":1,"23":1},"branchMap":{},"b":{},"fnMap":{},"f":{}}
,"G:\\main\\fruits\\front-end\\composables\\useModelValue.ts": {"path":"G:\\main\\fruits\\front-end\\composables\\useModelValue.ts","all":false,"statementMap":{"0":{"start":{"line":1,"column":0},"end":{"line":1,"column":33}},"1":{"start":{"line":2,"column":0},"end":{"line":2,"column":12}},"2":{"start":{"line":3,"column":0},"end":{"line":3,"column":22}},"3":{"start":{"line":4,"column":0},"end":{"line":4,"column":30}},"4":{"start":{"line":5,"column":0},"end":{"line":5,"column":6}},"5":{"start":{"line":6,"column":0},"end":{"line":6,"column":58}},"6":{"start":{"line":7,"column":0},"end":{"line":7,"column":21}},"7":{"start":{"line":8,"column":0},"end":{"line":8,"column":3}},"8":{"start":{"line":9,"column":0},"end":{"line":9,"column":31}},"9":{"start":{"line":10,"column":0},"end":{"line":10,"column":21}},"10":{"start":{"line":11,"column":0},"end":{"line":11,"column":36}},"11":{"start":{"line":12,"column":0},"end":{"line":12,"column":29}},"12":{"start":{"line":13,"column":0},"end":{"line":13,"column":33}},"13":{"start":{"line":14,"column":0},"end":{"line":14,"column":27}},"14":{"start":{"line":15,"column":0},"end":{"line":15,"column":44}},"15":{"start":{"line":16,"column":0},"end":{"line":16,"column":52}},"16":{"start":{"line":17,"column":0},"end":{"line":17,"column":28}},"17":{"start":{"line":18,"column":0},"end":{"line":18,"column":20}},"18":{"start":{"line":19,"column":0},"end":{"line":19,"column":48}},"19":{"start":{"line":20,"column":0},"end":{"line":20,"column":13}},"20":{"start":{"line":21,"column":0},"end":{"line":21,"column":9}},"21":{"start":{"line":22,"column":0},"end":{"line":22,"column":6}},"22":{"start":{"line":23,"column":0},"end":{"line":23,"column":1}}},"s":{"0":1,"1":2,"2":2,"3":2,"4":2,"5":2,"6":2,"7":2,"8":2,"9":2,"10":2,"11":1,"12":1,"13":1,"14":0,"15":0,"16":0,"17":1,"18":1,"19":1,"20":2,"21":2,"22":1},"branchMap":{"0":{"type":"branch","line":1,"loc":{"start":{"line":1,"column":7},"end":{"line":23,"column":1}},"locations":[{"start":{"line":1,"column":7},"end":{"line":23,"column":1}}]},"1":{"type":"branch","line":10,"loc":{"start":{"line":10,"column":20},"end":{"line":10,"column":21}},"locations":[{"start":{"line":10,"column":20},"end":{"line":10,"column":21}}]},"2":{"type":"branch","line":11,"loc":{"start":{"line":11,"column":25},"end":{"line":20,"column":13}},"locations":[{"start":{"line":11,"column":25},"end":{"line":20,"column":13}}]},"3":{"type":"branch","line":14,"loc":{"start":{"line":14,"column":12},"end":{"line":17,"column":28}},"locations":[{"start":{"line":14,"column":12},"end":{"line":17,"column":28}}]},"4":{"type":"branch","line":23,"loc":{"start":{"line":23,"column":0},"end":{"line":23,"column":1}},"locations":[{"start":{"line":23,"column":0},"end":{"line":23,"column":1}}]}},"b":{"0":[2],"1":[2],"2":[1],"3":[0],"4":[1]},"fnMap":{"0":{"name":"useModelValue","decl":{"start":{"line":1,"column":7},"end":{"line":23,"column":1}},"loc":{"start":{"line":1,"column":7},"end":{"line":23,"column":1}},"line":1},"1":{"name":"get","decl":{"start":{"line":10,"column":20},"end":{"line":10,"column":21}},"loc":{"start":{"line":10,"column":20},"end":{"line":10,"column":21}},"line":10},"2":{"name":"set","decl":{"start":{"line":11,"column":25},"end":{"line":20,"column":13}},"loc":{"start":{"line":11,"column":25},"end":{"line":20,"column":13}},"line":11},"3":{"name":"get","decl":{"start":{"line":23,"column":0},"end":{"line":23,"column":1}},"loc":{"start":{"line":23,"column":0},"end":{"line":23,"column":1}},"line":23}},"f":{"0":2,"1":2,"2":1,"3":1}}
}
